mode: set
github.com/robertarles/taskmasterra/v2/pkg/validator/validator.go:26.37,27.11 1 1
github.com/robertarles/taskmasterra/v2/pkg/validator/validator.go:28.17,29.16 1 1
github.com/robertarles/taskmasterra/v2/pkg/validator/validator.go:30.20,31.19 1 1
github.com/robertarles/taskmasterra/v2/pkg/validator/validator.go:32.18,33.17 1 1
github.com/robertarles/taskmasterra/v2/pkg/validator/validator.go:34.10,35.19 1 1
github.com/robertarles/taskmasterra/v2/pkg/validator/validator.go:47.46,53.2 1 1
github.com/robertarles/taskmasterra/v2/pkg/validator/validator.go:56.63,58.2 1 1
github.com/robertarles/taskmasterra/v2/pkg/validator/validator.go:61.65,63.2 1 1
github.com/robertarles/taskmasterra/v2/pkg/validator/validator.go:66.62,68.2 1 1
github.com/robertarles/taskmasterra/v2/pkg/validator/validator.go:71.45,73.2 1 1
github.com/robertarles/taskmasterra/v2/pkg/validator/validator.go:76.47,78.2 1 1
github.com/robertarles/taskmasterra/v2/pkg/validator/validator.go:81.53,85.29 3 1
github.com/robertarles/taskmasterra/v2/pkg/validator/validator.go:85.29,88.3 2 1
github.com/robertarles/taskmasterra/v2/pkg/validator/validator.go:91.2,93.15 2 1
github.com/robertarles/taskmasterra/v2/pkg/validator/validator.go:97.71,99.35 1 1
github.com/robertarles/taskmasterra/v2/pkg/validator/validator.go:99.35,101.3 1 1
github.com/robertarles/taskmasterra/v2/pkg/validator/validator.go:104.2,104.55 1 1
github.com/robertarles/taskmasterra/v2/pkg/validator/validator.go:104.55,106.3 1 1
github.com/robertarles/taskmasterra/v2/pkg/validator/validator.go:106.8,106.60 1 1
github.com/robertarles/taskmasterra/v2/pkg/validator/validator.go:106.60,108.3 1 1
github.com/robertarles/taskmasterra/v2/pkg/validator/validator.go:108.8,108.61 1 1
github.com/robertarles/taskmasterra/v2/pkg/validator/validator.go:108.61,110.3 1 0
github.com/robertarles/taskmasterra/v2/pkg/validator/validator.go:114.75,118.22 3 1
github.com/robertarles/taskmasterra/v2/pkg/validator/validator.go:118.22,121.3 2 1
github.com/robertarles/taskmasterra/v2/pkg/validator/validator.go:123.2,129.38 5 1
github.com/robertarles/taskmasterra/v2/pkg/validator/validator.go:129.38,130.22 1 1
github.com/robertarles/taskmasterra/v2/pkg/validator/validator.go:130.22,132.9 2 1
github.com/robertarles/taskmasterra/v2/pkg/validator/validator.go:136.2,136.20 1 1
github.com/robertarles/taskmasterra/v2/pkg/validator/validator.go:136.20,138.3 1 1
github.com/robertarles/taskmasterra/v2/pkg/validator/validator.go:141.2,141.17 1 1
github.com/robertarles/taskmasterra/v2/pkg/validator/validator.go:141.17,143.3 1 1
github.com/robertarles/taskmasterra/v2/pkg/validator/validator.go:146.2,146.34 1 1
github.com/robertarles/taskmasterra/v2/pkg/validator/validator.go:146.34,147.105 1 1
github.com/robertarles/taskmasterra/v2/pkg/validator/validator.go:147.105,149.4 1 0
github.com/robertarles/taskmasterra/v2/pkg/validator/validator.go:153.2,155.31 3 1
github.com/robertarles/taskmasterra/v2/pkg/validator/validator.go:155.31,162.41 5 1
github.com/robertarles/taskmasterra/v2/pkg/validator/validator.go:162.41,163.25 1 1
github.com/robertarles/taskmasterra/v2/pkg/validator/validator.go:163.25,165.10 2 1
github.com/robertarles/taskmasterra/v2/pkg/validator/validator.go:169.3,169.23 1 1
github.com/robertarles/taskmasterra/v2/pkg/validator/validator.go:169.23,171.4 1 0
github.com/robertarles/taskmasterra/v2/pkg/validator/validator.go:174.3,176.42 3 1
github.com/robertarles/taskmasterra/v2/pkg/validator/validator.go:176.42,177.23 1 1
github.com/robertarles/taskmasterra/v2/pkg/validator/validator.go:177.23,179.10 2 1
github.com/robertarles/taskmasterra/v2/pkg/validator/validator.go:183.3,183.21 1 1
github.com/robertarles/taskmasterra/v2/pkg/validator/validator.go:183.21,185.4 1 0
github.com/robertarles/taskmasterra/v2/pkg/validator/validator.go:190.77,194.22 3 1
github.com/robertarles/taskmasterra/v2/pkg/validator/validator.go:194.22,197.3 2 0
github.com/robertarles/taskmasterra/v2/pkg/validator/validator.go:199.2,202.17 3 1
github.com/robertarles/taskmasterra/v2/pkg/validator/validator.go:202.17,204.3 1 0
github.com/robertarles/taskmasterra/v2/pkg/validator/validator.go:206.2,206.15 1 1
github.com/robertarles/taskmasterra/v2/pkg/validator/validator.go:206.15,208.3 1 0
github.com/robertarles/taskmasterra/v2/pkg/validator/validator.go:212.77,214.70 1 0
github.com/robertarles/taskmasterra/v2/pkg/validator/validator.go:214.70,216.3 1 0
github.com/robertarles/taskmasterra/v2/pkg/validator/validator.go:219.2,220.19 2 0
github.com/robertarles/taskmasterra/v2/pkg/validator/validator.go:220.19,222.3 1 0
github.com/robertarles/taskmasterra/v2/pkg/validator/validator.go:226.63,234.29 5 1
github.com/robertarles/taskmasterra/v2/pkg/validator/validator.go:234.29,236.38 2 1
github.com/robertarles/taskmasterra/v2/pkg/validator/validator.go:236.38,238.4 1 1
github.com/robertarles/taskmasterra/v2/pkg/validator/validator.go:239.3,239.40 1 1
github.com/robertarles/taskmasterra/v2/pkg/validator/validator.go:239.40,241.76 2 1
github.com/robertarles/taskmasterra/v2/pkg/validator/validator.go:241.76,243.5 1 1
github.com/robertarles/taskmasterra/v2/pkg/validator/validator.go:247.2,247.16 1 1
github.com/robertarles/taskmasterra/v2/pkg/validator/validator.go:247.16,249.3 1 0
github.com/robertarles/taskmasterra/v2/pkg/validator/validator.go:251.2,251.20 1 1
github.com/robertarles/taskmasterra/v2/pkg/validator/validator.go:251.20,253.3 1 1
github.com/robertarles/taskmasterra/v2/pkg/validator/validator.go:255.2,255.50 1 1
github.com/robertarles/taskmasterra/v2/pkg/validator/validator.go:255.50,257.3 1 0
github.com/robertarles/taskmasterra/v2/pkg/validator/validator.go:261.62,264.83 2 1
github.com/robertarles/taskmasterra/v2/pkg/validator/validator.go:264.83,267.3 2 1
github.com/robertarles/taskmasterra/v2/pkg/validator/validator.go:270.2,270.28 1 1
github.com/robertarles/taskmasterra/v2/pkg/validator/validator.go:270.28,272.37 2 1
github.com/robertarles/taskmasterra/v2/pkg/validator/validator.go:272.37,274.4 1 1
github.com/robertarles/taskmasterra/v2/pkg/validator/validator.go:275.3,275.27 1 1
github.com/robertarles/taskmasterra/v2/pkg/validator/validator.go:279.2,279.30 1 1
github.com/robertarles/taskmasterra/v2/pkg/validator/validator.go:279.30,281.43 2 1
github.com/robertarles/taskmasterra/v2/pkg/validator/validator.go:281.43,283.4 1 1
github.com/robertarles/taskmasterra/v2/pkg/validator/validator.go:284.3,284.27 1 1
github.com/robertarles/taskmasterra/v2/pkg/validator/validator.go:288.2,288.26 1 1
github.com/robertarles/taskmasterra/v2/pkg/validator/validator.go:288.26,290.36 2 1
github.com/robertarles/taskmasterra/v2/pkg/validator/validator.go:290.36,292.4 1 1
github.com/robertarles/taskmasterra/v2/pkg/validator/validator.go:295.2,295.24 1 1
github.com/robertarles/taskmasterra/v2/pkg/task/priority.go:22.35,23.11 1 1
github.com/robertarles/taskmasterra/v2/pkg/task/priority.go:24.20,25.16 1 1
github.com/robertarles/taskmasterra/v2/pkg/task/priority.go:26.19,27.15 1 1
github.com/robertarles/taskmasterra/v2/pkg/task/priority.go:28.22,29.18 1 1
github.com/robertarles/taskmasterra/v2/pkg/task/priority.go:30.20,31.16 1 1
github.com/robertarles/taskmasterra/v2/pkg/task/priority.go:32.24,33.20 1 1
github.com/robertarles/taskmasterra/v2/pkg/task/priority.go:34.10,35.19 1 1
github.com/robertarles/taskmasterra/v2/pkg/task/priority.go:40.42,44.22 3 1
github.com/robertarles/taskmasterra/v2/pkg/task/priority.go:44.22,46.3 1 1
github.com/robertarles/taskmasterra/v2/pkg/task/priority.go:48.2,50.18 2 1
github.com/robertarles/taskmasterra/v2/pkg/task/priority.go:51.11,52.26 1 1
github.com/robertarles/taskmasterra/v2/pkg/task/priority.go:53.11,54.22 1 1
github.com/robertarles/taskmasterra/v2/pkg/task/priority.go:55.11,56.24 1 1
github.com/robertarles/taskmasterra/v2/pkg/task/priority.go:57.11,58.21 1 1
github.com/robertarles/taskmasterra/v2/pkg/task/priority.go:59.10,60.22 1 1
github.com/robertarles/taskmasterra/v2/pkg/task/priority.go:65.35,69.22 3 1
github.com/robertarles/taskmasterra/v2/pkg/task/priority.go:69.22,71.3 1 1
github.com/robertarles/taskmasterra/v2/pkg/task/priority.go:73.2,74.15 2 1
github.com/robertarles/taskmasterra/v2/pkg/task/priority.go:87.43,88.19 1 1
github.com/robertarles/taskmasterra/v2/pkg/task/priority.go:88.19,90.3 1 1
github.com/robertarles/taskmasterra/v2/pkg/task/priority.go:93.2,96.28 4 1
github.com/robertarles/taskmasterra/v2/pkg/task/priority.go:96.28,98.3 1 1
github.com/robertarles/taskmasterra/v2/pkg/task/priority.go:101.2,104.27 4 1
github.com/robertarles/taskmasterra/v2/pkg/task/priority.go:104.27,106.3 1 1
github.com/robertarles/taskmasterra/v2/pkg/task/priority.go:108.2,114.3 1 1
github.com/robertarles/taskmasterra/v2/pkg/task/priority.go:118.44,119.17 1 1
github.com/robertarles/taskmasterra/v2/pkg/task/priority.go:119.17,121.3 1 1
github.com/robertarles/taskmasterra/v2/pkg/task/priority.go:123.2,126.35 2 1
github.com/robertarles/taskmasterra/v2/pkg/task/priority.go:126.35,128.3 1 1
github.com/robertarles/taskmasterra/v2/pkg/task/priority.go:131.2,131.21 1 1
github.com/robertarles/taskmasterra/v2/pkg/task/priority.go:131.21,133.3 1 1
github.com/robertarles/taskmasterra/v2/pkg/task/priority.go:136.2,136.23 1 1
github.com/robertarles/taskmasterra/v2/pkg/task/priority.go:136.23,138.3 1 1
github.com/robertarles/taskmasterra/v2/pkg/task/priority.go:141.2,141.22 1 1
github.com/robertarles/taskmasterra/v2/pkg/task/priority.go:141.22,143.3 1 1
github.com/robertarles/taskmasterra/v2/pkg/task/priority.go:145.2,145.35 1 1
github.com/robertarles/taskmasterra/v2/pkg/task/task.go:18.36,19.19 1 1
github.com/robertarles/taskmasterra/v2/pkg/task/task.go:19.19,21.3 1 1
github.com/robertarles/taskmasterra/v2/pkg/task/task.go:22.2,22.63 1 1
github.com/robertarles/taskmasterra/v2/pkg/task/task.go:26.33,27.19 1 1
github.com/robertarles/taskmasterra/v2/pkg/task/task.go:27.19,29.3 1 1
github.com/robertarles/taskmasterra/v2/pkg/task/task.go:30.2,30.64 1 1
github.com/robertarles/taskmasterra/v2/pkg/task/task.go:34.34,35.39 1 1
github.com/robertarles/taskmasterra/v2/pkg/task/task.go:35.39,37.3 1 1
github.com/robertarles/taskmasterra/v2/pkg/task/task.go:38.2,38.79 1 1
github.com/robertarles/taskmasterra/v2/pkg/task/task.go:42.31,44.2 1 1
github.com/robertarles/taskmasterra/v2/pkg/task/task.go:47.34,49.2 1 1
github.com/robertarles/taskmasterra/v2/pkg/task/task.go:52.37,54.2 1 1
github.com/robertarles/taskmasterra/v2/pkg/task/task.go:57.67,58.77 1 1
github.com/robertarles/taskmasterra/v2/pkg/task/task.go:58.77,60.3 1 1
github.com/robertarles/taskmasterra/v2/pkg/task/task.go:61.2,61.13 1 1
github.com/robertarles/taskmasterra/v2/pkg/task/task.go:65.49,70.2 4 1
github.com/robertarles/taskmasterra/v2/pkg/task/task.go:73.42,76.16 2 1
github.com/robertarles/taskmasterra/v2/pkg/task/task.go:76.16,78.3 1 0
github.com/robertarles/taskmasterra/v2/pkg/task/task.go:80.2,86.30 5 1
github.com/robertarles/taskmasterra/v2/pkg/task/task.go:86.30,90.40 3 1
github.com/robertarles/taskmasterra/v2/pkg/task/task.go:90.40,94.26 3 1
github.com/robertarles/taskmasterra/v2/pkg/task/task.go:94.26,97.5 2 1
github.com/robertarles/taskmasterra/v2/pkg/task/task.go:97.10,99.5 1 1
github.com/robertarles/taskmasterra/v2/pkg/task/task.go:102.4,102.43 1 1
github.com/robertarles/taskmasterra/v2/pkg/task/task.go:102.43,103.31 1 1
github.com/robertarles/taskmasterra/v2/pkg/task/task.go:103.31,105.28 2 1
github.com/robertarles/taskmasterra/v2/pkg/task/task.go:105.28,107.7 1 1
github.com/robertarles/taskmasterra/v2/pkg/task/task.go:108.6,108.22 1 1
github.com/robertarles/taskmasterra/v2/pkg/task/task.go:109.11,110.11 1 1
github.com/robertarles/taskmasterra/v2/pkg/task/task.go:113.9,113.31 1 1
github.com/robertarles/taskmasterra/v2/pkg/task/task.go:113.31,118.43 3 1
github.com/robertarles/taskmasterra/v2/pkg/task/task.go:118.43,119.31 1 1
github.com/robertarles/taskmasterra/v2/pkg/task/task.go:119.31,122.6 2 0
github.com/robertarles/taskmasterra/v2/pkg/task/task.go:122.11,123.11 1 1
github.com/robertarles/taskmasterra/v2/pkg/task/task.go:126.9,128.4 1 1
github.com/robertarles/taskmasterra/v2/pkg/task/task.go:130.3,130.15 1 1
github.com/robertarles/taskmasterra/v2/pkg/task/task.go:134.2,134.58 1 1
github.com/robertarles/taskmasterra/v2/pkg/task/task.go:134.58,136.3 1 0
github.com/robertarles/taskmasterra/v2/pkg/task/task.go:138.2,138.58 1 1
github.com/robertarles/taskmasterra/v2/pkg/task/task.go:138.58,140.3 1 0
github.com/robertarles/taskmasterra/v2/pkg/task/task.go:143.2,143.95 1 1
github.com/robertarles/taskmasterra/v2/pkg/task/task.go:143.95,145.3 1 0
github.com/robertarles/taskmasterra/v2/pkg/task/task.go:147.2,147.12 1 1
github.com/robertarles/taskmasterra/v2/pkg/journal/journal.go:19.43,29.2 4 1
github.com/robertarles/taskmasterra/v2/pkg/journal/journal.go:32.58,33.23 1 1
github.com/robertarles/taskmasterra/v2/pkg/journal/journal.go:33.23,35.3 1 1
github.com/robertarles/taskmasterra/v2/pkg/journal/journal.go:37.2,38.50 2 1
github.com/robertarles/taskmasterra/v2/pkg/journal/journal.go:38.50,40.17 2 1
github.com/robertarles/taskmasterra/v2/pkg/journal/journal.go:40.17,42.4 1 1
github.com/robertarles/taskmasterra/v2/pkg/journal/journal.go:45.2,48.54 3 1
github.com/robertarles/taskmasterra/v2/pkg/journal/journal.go:52.58,53.23 1 1
github.com/robertarles/taskmasterra/v2/pkg/journal/journal.go:53.23,55.3 1 1
github.com/robertarles/taskmasterra/v2/pkg/journal/journal.go:57.2,58.50 2 1
github.com/robertarles/taskmasterra/v2/pkg/journal/journal.go:58.50,60.17 2 1
github.com/robertarles/taskmasterra/v2/pkg/journal/journal.go:60.17,62.4 1 1
github.com/robertarles/taskmasterra/v2/pkg/journal/journal.go:65.2,68.54 3 1
github.com/robertarles/taskmasterra/v2/pkg/journal/journal.go:72.31,75.2 2 1
github.com/robertarles/taskmasterra/v2/cmd/taskmasterra/main.go:27.46,28.16 1 1
github.com/robertarles/taskmasterra/v2/cmd/taskmasterra/main.go:28.16,30.3 1 1
github.com/robertarles/taskmasterra/v2/cmd/taskmasterra/main.go:31.2,31.34 1 1
github.com/robertarles/taskmasterra/v2/cmd/taskmasterra/main.go:31.34,33.17 2 1
github.com/robertarles/taskmasterra/v2/cmd/taskmasterra/main.go:33.17,35.4 1 0
github.com/robertarles/taskmasterra/v2/cmd/taskmasterra/main.go:36.3,36.42 1 1
github.com/robertarles/taskmasterra/v2/cmd/taskmasterra/main.go:37.8,37.45 1 1
github.com/robertarles/taskmasterra/v2/cmd/taskmasterra/main.go:37.45,39.14 2 1
github.com/robertarles/taskmasterra/v2/cmd/taskmasterra/main.go:39.14,41.4 1 0
github.com/robertarles/taskmasterra/v2/cmd/taskmasterra/main.go:42.3,42.53 1 1
github.com/robertarles/taskmasterra/v2/cmd/taskmasterra/main.go:44.2,44.18 1 1
github.com/robertarles/taskmasterra/v2/cmd/taskmasterra/main.go:47.40,49.16 2 1
github.com/robertarles/taskmasterra/v2/cmd/taskmasterra/main.go:49.16,51.3 1 0
github.com/robertarles/taskmasterra/v2/cmd/taskmasterra/main.go:54.2,55.16 2 1
github.com/robertarles/taskmasterra/v2/cmd/taskmasterra/main.go:55.16,57.3 1 0
github.com/robertarles/taskmasterra/v2/cmd/taskmasterra/main.go:59.2,65.30 5 1
github.com/robertarles/taskmasterra/v2/cmd/taskmasterra/main.go:65.30,69.50 3 1
github.com/robertarles/taskmasterra/v2/cmd/taskmasterra/main.go:69.50,73.31 3 1
github.com/robertarles/taskmasterra/v2/cmd/taskmasterra/main.go:73.31,76.5 2 1
github.com/robertarles/taskmasterra/v2/cmd/taskmasterra/main.go:76.9,79.5 2 0
github.com/robertarles/taskmasterra/v2/cmd/taskmasterra/main.go:82.4,82.43 1 1
github.com/robertarles/taskmasterra/v2/cmd/taskmasterra/main.go:82.43,83.36 1 1
github.com/robertarles/taskmasterra/v2/cmd/taskmasterra/main.go:83.36,85.33 2 1
github.com/robertarles/taskmasterra/v2/cmd/taskmasterra/main.go:85.33,87.7 1 1
github.com/robertarles/taskmasterra/v2/cmd/taskmasterra/main.go:88.6,88.22 1 1
github.com/robertarles/taskmasterra/v2/cmd/taskmasterra/main.go:89.11,90.11 1 1
github.com/robertarles/taskmasterra/v2/cmd/taskmasterra/main.go:93.9,93.36 1 1
github.com/robertarles/taskmasterra/v2/cmd/taskmasterra/main.go:93.36,98.43 3 1
github.com/robertarles/taskmasterra/v2/cmd/taskmasterra/main.go:98.43,99.36 1 1
github.com/robertarles/taskmasterra/v2/cmd/taskmasterra/main.go:99.36,102.6 2 1
github.com/robertarles/taskmasterra/v2/cmd/taskmasterra/main.go:102.11,103.11 1 1
github.com/robertarles/taskmasterra/v2/cmd/taskmasterra/main.go:106.9,108.4 1 1
github.com/robertarles/taskmasterra/v2/cmd/taskmasterra/main.go:110.3,110.15 1 1
github.com/robertarles/taskmasterra/v2/cmd/taskmasterra/main.go:114.2,114.58 1 1
github.com/robertarles/taskmasterra/v2/cmd/taskmasterra/main.go:114.58,116.3 1 0
github.com/robertarles/taskmasterra/v2/cmd/taskmasterra/main.go:118.2,118.58 1 1
github.com/robertarles/taskmasterra/v2/cmd/taskmasterra/main.go:118.58,120.3 1 0
github.com/robertarles/taskmasterra/v2/cmd/taskmasterra/main.go:123.2,123.99 1 1
github.com/robertarles/taskmasterra/v2/cmd/taskmasterra/main.go:123.99,125.3 1 0
github.com/robertarles/taskmasterra/v2/cmd/taskmasterra/main.go:127.2,127.12 1 1
github.com/robertarles/taskmasterra/v2/cmd/taskmasterra/main.go:130.44,132.16 2 1
github.com/robertarles/taskmasterra/v2/cmd/taskmasterra/main.go:132.16,134.3 1 0
github.com/robertarles/taskmasterra/v2/cmd/taskmasterra/main.go:136.2,140.39 4 1
github.com/robertarles/taskmasterra/v2/cmd/taskmasterra/main.go:140.39,142.3 1 0
github.com/robertarles/taskmasterra/v2/cmd/taskmasterra/main.go:144.2,145.16 2 1
github.com/robertarles/taskmasterra/v2/cmd/taskmasterra/main.go:145.16,147.3 1 0
github.com/robertarles/taskmasterra/v2/cmd/taskmasterra/main.go:148.2,155.21 6 1
github.com/robertarles/taskmasterra/v2/cmd/taskmasterra/main.go:155.21,158.51 2 1
github.com/robertarles/taskmasterra/v2/cmd/taskmasterra/main.go:158.51,160.25 1 1
github.com/robertarles/taskmasterra/v2/cmd/taskmasterra/main.go:160.25,161.110 1 1
github.com/robertarles/taskmasterra/v2/cmd/taskmasterra/main.go:161.110,163.6 1 0
github.com/robertarles/taskmasterra/v2/cmd/taskmasterra/main.go:167.4,168.33 2 1
github.com/robertarles/taskmasterra/v2/cmd/taskmasterra/main.go:168.33,172.5 3 1
github.com/robertarles/taskmasterra/v2/cmd/taskmasterra/main.go:173.9,173.58 1 1
github.com/robertarles/taskmasterra/v2/cmd/taskmasterra/main.go:173.58,176.4 1 0
github.com/robertarles/taskmasterra/v2/cmd/taskmasterra/main.go:180.2,180.23 1 1
github.com/robertarles/taskmasterra/v2/cmd/taskmasterra/main.go:180.23,181.108 1 1
github.com/robertarles/taskmasterra/v2/cmd/taskmasterra/main.go:181.108,183.4 1 1
github.com/robertarles/taskmasterra/v2/cmd/taskmasterra/main.go:186.2,186.12 1 1
github.com/robertarles/taskmasterra/v2/cmd/taskmasterra/main.go:189.18,199.2 9 1
github.com/robertarles/taskmasterra/v2/cmd/taskmasterra/main.go:201.62,203.16 2 0
github.com/robertarles/taskmasterra/v2/cmd/taskmasterra/main.go:203.16,205.3 1 0
github.com/robertarles/taskmasterra/v2/cmd/taskmasterra/main.go:207.2,208.16 2 0
github.com/robertarles/taskmasterra/v2/cmd/taskmasterra/main.go:208.16,210.3 1 0
github.com/robertarles/taskmasterra/v2/cmd/taskmasterra/main.go:212.2,214.22 2 0
github.com/robertarles/taskmasterra/v2/cmd/taskmasterra/main.go:214.22,216.17 2 0
github.com/robertarles/taskmasterra/v2/cmd/taskmasterra/main.go:216.17,218.4 1 0
github.com/robertarles/taskmasterra/v2/cmd/taskmasterra/main.go:219.3,219.70 1 0
github.com/robertarles/taskmasterra/v2/cmd/taskmasterra/main.go:219.70,221.4 1 0
github.com/robertarles/taskmasterra/v2/cmd/taskmasterra/main.go:222.3,222.69 1 0
github.com/robertarles/taskmasterra/v2/cmd/taskmasterra/main.go:223.8,225.3 1 0
github.com/robertarles/taskmasterra/v2/cmd/taskmasterra/main.go:227.2,227.12 1 0
github.com/robertarles/taskmasterra/v2/cmd/taskmasterra/main.go:230.42,232.16 2 0
github.com/robertarles/taskmasterra/v2/cmd/taskmasterra/main.go:232.16,234.3 1 0
github.com/robertarles/taskmasterra/v2/cmd/taskmasterra/main.go:236.2,237.16 2 0
github.com/robertarles/taskmasterra/v2/cmd/taskmasterra/main.go:237.16,239.3 1 0
github.com/robertarles/taskmasterra/v2/cmd/taskmasterra/main.go:241.2,244.24 3 0
github.com/robertarles/taskmasterra/v2/cmd/taskmasterra/main.go:244.24,246.3 1 0
github.com/robertarles/taskmasterra/v2/cmd/taskmasterra/main.go:248.2,248.12 1 0
github.com/robertarles/taskmasterra/v2/cmd/taskmasterra/main.go:251.66,252.10 1 0
github.com/robertarles/taskmasterra/v2/cmd/taskmasterra/main.go:252.10,255.17 3 0
github.com/robertarles/taskmasterra/v2/cmd/taskmasterra/main.go:255.17,257.4 1 0
github.com/robertarles/taskmasterra/v2/cmd/taskmasterra/main.go:258.3,260.67 2 0
github.com/robertarles/taskmasterra/v2/cmd/taskmasterra/main.go:260.67,262.4 1 0
github.com/robertarles/taskmasterra/v2/cmd/taskmasterra/main.go:263.3,264.13 2 0
github.com/robertarles/taskmasterra/v2/cmd/taskmasterra/main.go:267.2,267.10 1 0
github.com/robertarles/taskmasterra/v2/cmd/taskmasterra/main.go:267.10,269.17 2 0
github.com/robertarles/taskmasterra/v2/cmd/taskmasterra/main.go:269.17,271.4 1 0
github.com/robertarles/taskmasterra/v2/cmd/taskmasterra/main.go:273.3,274.17 2 0
github.com/robertarles/taskmasterra/v2/cmd/taskmasterra/main.go:274.17,276.4 1 0
github.com/robertarles/taskmasterra/v2/cmd/taskmasterra/main.go:277.3,278.13 2 0
github.com/robertarles/taskmasterra/v2/cmd/taskmasterra/main.go:281.2,281.12 1 0
github.com/robertarles/taskmasterra/v2/cmd/taskmasterra/main.go:284.13,285.22 1 1
github.com/robertarles/taskmasterra/v2/cmd/taskmasterra/main.go:285.22,288.3 2 1
github.com/robertarles/taskmasterra/v2/cmd/taskmasterra/main.go:290.2,292.17 2 1
github.com/robertarles/taskmasterra/v2/cmd/taskmasterra/main.go:293.38,296.57 3 1
github.com/robertarles/taskmasterra/v2/cmd/taskmasterra/main.go:296.57,299.4 2 0
github.com/robertarles/taskmasterra/v2/cmd/taskmasterra/main.go:301.3,301.27 1 1
github.com/robertarles/taskmasterra/v2/cmd/taskmasterra/main.go:301.27,305.4 3 1
github.com/robertarles/taskmasterra/v2/cmd/taskmasterra/main.go:307.3,307.56 1 1
github.com/robertarles/taskmasterra/v2/cmd/taskmasterra/main.go:307.56,310.4 2 0
github.com/robertarles/taskmasterra/v2/cmd/taskmasterra/main.go:312.20,315.58 3 1
github.com/robertarles/taskmasterra/v2/cmd/taskmasterra/main.go:315.58,318.4 2 0
github.com/robertarles/taskmasterra/v2/cmd/taskmasterra/main.go:320.3,320.27 1 1
github.com/robertarles/taskmasterra/v2/cmd/taskmasterra/main.go:320.27,324.4 3 1
github.com/robertarles/taskmasterra/v2/cmd/taskmasterra/main.go:326.3,326.52 1 1
github.com/robertarles/taskmasterra/v2/cmd/taskmasterra/main.go:326.52,329.4 2 0
github.com/robertarles/taskmasterra/v2/cmd/taskmasterra/main.go:331.15,335.53 4 0
github.com/robertarles/taskmasterra/v2/cmd/taskmasterra/main.go:335.53,338.4 2 0
github.com/robertarles/taskmasterra/v2/cmd/taskmasterra/main.go:340.3,340.27 1 0
github.com/robertarles/taskmasterra/v2/cmd/taskmasterra/main.go:340.27,344.4 3 0
github.com/robertarles/taskmasterra/v2/cmd/taskmasterra/main.go:346.3,346.72 1 0
github.com/robertarles/taskmasterra/v2/cmd/taskmasterra/main.go:346.72,349.4 2 0
github.com/robertarles/taskmasterra/v2/cmd/taskmasterra/main.go:351.18,354.56 3 0
github.com/robertarles/taskmasterra/v2/cmd/taskmasterra/main.go:354.56,357.4 2 0
github.com/robertarles/taskmasterra/v2/cmd/taskmasterra/main.go:359.3,359.27 1 0
github.com/robertarles/taskmasterra/v2/cmd/taskmasterra/main.go:359.27,363.4 3 0
github.com/robertarles/taskmasterra/v2/cmd/taskmasterra/main.go:365.3,365.54 1 0
github.com/robertarles/taskmasterra/v2/cmd/taskmasterra/main.go:365.54,368.4 2 0
github.com/robertarles/taskmasterra/v2/cmd/taskmasterra/main.go:370.16,375.54 5 0
github.com/robertarles/taskmasterra/v2/cmd/taskmasterra/main.go:375.54,378.4 2 0
github.com/robertarles/taskmasterra/v2/cmd/taskmasterra/main.go:380.3,380.21 1 0
github.com/robertarles/taskmasterra/v2/cmd/taskmasterra/main.go:380.21,384.4 3 0
github.com/robertarles/taskmasterra/v2/cmd/taskmasterra/main.go:386.3,386.69 1 0
github.com/robertarles/taskmasterra/v2/cmd/taskmasterra/main.go:386.69,389.4 2 0
github.com/robertarles/taskmasterra/v2/cmd/taskmasterra/main.go:391.17,393.9 2 1
github.com/robertarles/taskmasterra/v2/cmd/taskmasterra/main.go:395.10,396.14 1 1
github.com/robertarles/taskmasterra/v2/cmd/taskmasterra/version.go:8.13,9.43 1 1
github.com/robertarles/taskmasterra/v2/cmd/taskmasterra/version.go:9.43,11.84 1 1
github.com/robertarles/taskmasterra/v2/cmd/taskmasterra/version.go:11.84,13.4 1 0
github.com/robertarles/taskmasterra/v2/cmd/taskmasterra/version.go:18.32,20.2 1 1
github.com/robertarles/taskmasterra/v2/pkg/stats/stats.go:26.32,32.2 1 1
github.com/robertarles/taskmasterra/v2/pkg/stats/stats.go:35.55,37.16 2 1
github.com/robertarles/taskmasterra/v2/pkg/stats/stats.go:37.16,39.3 1 0
github.com/robertarles/taskmasterra/v2/pkg/stats/stats.go:41.2,44.29 3 1
github.com/robertarles/taskmasterra/v2/pkg/stats/stats.go:44.29,45.25 1 1
github.com/robertarles/taskmasterra/v2/pkg/stats/stats.go:45.25,46.12 1 1
github.com/robertarles/taskmasterra/v2/pkg/stats/stats.go:49.3,52.29 2 1
github.com/robertarles/taskmasterra/v2/pkg/stats/stats.go:52.29,54.4 1 1
github.com/robertarles/taskmasterra/v2/pkg/stats/stats.go:54.9,54.33 1 1
github.com/robertarles/taskmasterra/v2/pkg/stats/stats.go:54.33,56.4 1 1
github.com/robertarles/taskmasterra/v2/pkg/stats/stats.go:56.9,58.70 1 1
github.com/robertarles/taskmasterra/v2/pkg/stats/stats.go:58.70,60.5 1 1
github.com/robertarles/taskmasterra/v2/pkg/stats/stats.go:60.10,60.77 1 1
github.com/robertarles/taskmasterra/v2/pkg/stats/stats.go:60.77,62.5 1 1
github.com/robertarles/taskmasterra/v2/pkg/stats/stats.go:66.3,67.22 2 1
github.com/robertarles/taskmasterra/v2/pkg/stats/stats.go:67.22,71.27 3 1
github.com/robertarles/taskmasterra/v2/pkg/stats/stats.go:71.27,73.5 1 1
github.com/robertarles/taskmasterra/v2/pkg/stats/stats.go:77.2,77.19 1 1
github.com/robertarles/taskmasterra/v2/pkg/stats/stats.go:81.46,97.34 11 1
github.com/robertarles/taskmasterra/v2/pkg/stats/stats.go:97.34,99.52 2 1
github.com/robertarles/taskmasterra/v2/pkg/stats/stats.go:99.52,100.26 1 1
github.com/robertarles/taskmasterra/v2/pkg/stats/stats.go:100.26,102.5 1 1
github.com/robertarles/taskmasterra/v2/pkg/stats/stats.go:104.3,104.27 1 1
github.com/robertarles/taskmasterra/v2/pkg/stats/stats.go:108.2,108.32 1 1
github.com/robertarles/taskmasterra/v2/pkg/stats/stats.go:108.32,110.48 2 1
github.com/robertarles/taskmasterra/v2/pkg/stats/stats.go:110.48,112.4 1 1
github.com/robertarles/taskmasterra/v2/pkg/stats/stats.go:113.3,113.27 1 1
github.com/robertarles/taskmasterra/v2/pkg/stats/stats.go:117.2,121.26 4 1
github.com/robertarles/taskmasterra/v2/pkg/stats/stats.go:121.26,124.3 2 1
github.com/robertarles/taskmasterra/v2/pkg/stats/stats.go:126.2,126.24 1 1
github.com/robertarles/taskmasterra/v2/pkg/stats/stats.go:130.42,131.16 1 1
github.com/robertarles/taskmasterra/v2/pkg/stats/stats.go:131.16,133.3 1 1
github.com/robertarles/taskmasterra/v2/pkg/stats/stats.go:134.2,134.45 1 1
github.com/robertarles/taskmasterra/v2/pkg/stats/stats.go:138.57,141.53 2 1
github.com/robertarles/taskmasterra/v2/pkg/stats/stats.go:141.53,143.3 1 0
github.com/robertarles/taskmasterra/v2/pkg/stats/stats.go:145.2,145.71 1 1
github.com/robertarles/taskmasterra/v2/pkg/stats/stats.go:145.71,147.3 1 0
github.com/robertarles/taskmasterra/v2/pkg/stats/stats.go:149.2,149.12 1 1
github.com/robertarles/taskmasterra/v2/pkg/config/config.go:29.30,39.2 1 1
github.com/robertarles/taskmasterra/v2/pkg/config/config.go:42.53,43.22 1 1
github.com/robertarles/taskmasterra/v2/pkg/config/config.go:43.22,46.17 2 0
github.com/robertarles/taskmasterra/v2/pkg/config/config.go:46.17,48.4 1 0
github.com/robertarles/taskmasterra/v2/pkg/config/config.go:49.3,49.70 1 0
github.com/robertarles/taskmasterra/v2/pkg/config/config.go:53.2,53.55 1 1
github.com/robertarles/taskmasterra/v2/pkg/config/config.go:53.55,56.56 2 1
github.com/robertarles/taskmasterra/v2/pkg/config/config.go:56.56,58.4 1 0
github.com/robertarles/taskmasterra/v2/pkg/config/config.go:59.3,59.21 1 1
github.com/robertarles/taskmasterra/v2/pkg/config/config.go:63.2,64.16 2 1
github.com/robertarles/taskmasterra/v2/pkg/config/config.go:64.16,66.3 1 0
github.com/robertarles/taskmasterra/v2/pkg/config/config.go:68.2,69.54 2 1
github.com/robertarles/taskmasterra/v2/pkg/config/config.go:69.54,71.3 1 0
github.com/robertarles/taskmasterra/v2/pkg/config/config.go:73.2,73.21 1 1
github.com/robertarles/taskmasterra/v2/pkg/config/config.go:77.58,80.53 2 1
github.com/robertarles/taskmasterra/v2/pkg/config/config.go:80.53,82.3 1 0
github.com/robertarles/taskmasterra/v2/pkg/config/config.go:84.2,85.16 2 1
github.com/robertarles/taskmasterra/v2/pkg/config/config.go:85.16,87.3 1 0
github.com/robertarles/taskmasterra/v2/pkg/config/config.go:89.2,89.61 1 1
github.com/robertarles/taskmasterra/v2/pkg/config/config.go:89.61,91.3 1 0
github.com/robertarles/taskmasterra/v2/pkg/config/config.go:93.2,93.12 1 1
github.com/robertarles/taskmasterra/v2/pkg/reminder/reminder.go:20.43,24.2 1 1
github.com/robertarles/taskmasterra/v2/pkg/reminder/reminder.go:27.47,33.2 3 1
github.com/robertarles/taskmasterra/v2/pkg/reminder/reminder.go:36.37,51.34 5 1
github.com/robertarles/taskmasterra/v2/pkg/reminder/reminder.go:51.34,53.3 1 0
github.com/robertarles/taskmasterra/v2/pkg/reminder/reminder.go:55.2,55.12 1 1
github.com/robertarles/taskmasterra/v2/pkg/reminder/reminder.go:59.81,66.16 5 1
github.com/robertarles/taskmasterra/v2/pkg/reminder/reminder.go:66.16,68.3 1 1
github.com/robertarles/taskmasterra/v2/pkg/reminder/reminder.go:69.2,69.17 1 1
github.com/robertarles/taskmasterra/v2/pkg/reminder/reminder.go:69.17,71.3 1 1
github.com/robertarles/taskmasterra/v2/pkg/reminder/reminder.go:72.2,75.17 3 1
github.com/robertarles/taskmasterra/v2/pkg/reminder/reminder.go:75.17,81.3 1 1
github.com/robertarles/taskmasterra/v2/pkg/reminder/reminder.go:83.2,98.34 5 1
github.com/robertarles/taskmasterra/v2/pkg/reminder/reminder.go:98.34,100.3 1 0
github.com/robertarles/taskmasterra/v2/pkg/reminder/reminder.go:102.2,102.12 1 1
